<?xml version="1.0" encoding="UTF-8"?>
<!-- Generated by org.testng.reporters.JUnitXMLReporter -->
<testsuite ignored="0" hostname="LAPTOP-1AB76RU1" failures="0" tests="3" name="Default test" time="43.051" errors="0" timestamp="2023-10-28T18:14:52 IST">
  <testcase classname="conceptTestNg.FbTestDataProviderClass" name="testData" time="11.889"/>
  <testcase classname="conceptTestNg.FbTestDataProviderClass" name="testData" time="8.804"/>
  <testcase classname="conceptTestNg.FbTestDataProviderClass" name="testData" time="9.86"/>
</testsuite> <!-- Default test -->
