<?xml version="1.0" encoding="UTF-8"?>
<!-- Generated by org.testng.reporters.JUnitXMLReporter -->
<testsuite ignored="0" hostname="LAPTOP-1AB76RU1" failures="0" tests="5" name="Test" time="0.097" errors="0" timestamp="2023-08-30T22:15:45 IST">
  <testcase classname="listenerPackage.ListenerTestClass" name="methodA" time="0.013"/>
  <testcase classname="listenerPackage.ListenerTestClass" name="methodB" time="0.001"/>
  <testcase classname="listenerPackage.ListenerTestClass" name="methodC" time="0.001"/>
  <testcase classname="listenerPackage.ListenerTestClass1" name="p" time="0.002"/>
  <testcase classname="listenerPackage.ListenerTestClass1" name="q" time="0.002"/>
</testsuite> <!-- Test -->
