<?xml version="1.0" encoding="UTF-8"?>
<!-- Generated by org.testng.reporters.JUnitXMLReporter -->
<testsuite ignored="3" hostname="LAPTOP-1AB76RU1" failures="0" tests="2" name="test1" time="0.011" errors="0" timestamp="2023-08-30T14:19:37 IST">
  <testcase classname="conceptTestNg.GroupingTestNg1" name="p" time="0.001"/>
  <testcase classname="conceptTestNg.GroupingTestNg1" name="s" time="0.002"/>
  <testcase classname="conceptTestNg.GroupingTestNg1" name="r" time="0.0">
    <ignored/>
  </testcase> <!-- r -->
  <testcase classname="conceptTestNg.GroupingTestNg1" name="q" time="0.0">
    <ignored/>
  </testcase> <!-- q -->
  <testcase classname="conceptTestNg.GroupingTestNg1" name="t" time="0.0">
    <ignored/>
  </testcase> <!-- t -->
</testsuite> <!-- test1 -->
