<?xml version="1.0" encoding="UTF-8"?>
<testng-results ignored="0" total="3" passed="3" failed="0" skipped="0">
  <reporter-output>
  </reporter-output>
  <suite started-at="2023-10-28T18:14:09 IST" name="Default suite" finished-at="2023-10-28T18:14:52 IST" duration-ms="43051">
    <groups>
    </groups>
    <test started-at="2023-10-28T18:14:09 IST" name="Default test" finished-at="2023-10-28T18:14:52 IST" duration-ms="43051">
      <class name="conceptTestNg.FbTestDataProviderClass">
        <test-method is-config="true" signature="beforetest()[pri:0, instance:conceptTestNg.FbTestDataProviderClass@55634720]" started-at="2023-10-28T18:14:09 IST" name="beforetest" finished-at="2023-10-28T18:14:21 IST" duration-ms="12443" status="PASS">
          <reporter-output>
          </reporter-output>
        </test-method> <!-- beforetest -->
        <test-method signature="testData(java.lang.String,java.lang.String)[pri:0, instance:conceptTestNg.FbTestDataProviderClass@55634720]" started-at="2023-10-28T18:14:21 IST" name="testData" data-provider="FbData" finished-at="2023-10-28T18:14:33 IST" duration-ms="11889" status="PASS">
          <params>
            <param index="0">
              <value>
                <![CDATA[abc]]>
              </value>
            </param>
            <param index="1">
              <value>
                <![CDATA[abc123]]>
              </value>
            </param>
          </params>
          <reporter-output>
          </reporter-output>
        </test-method> <!-- testData -->
        <test-method signature="testData(java.lang.String,java.lang.String)[pri:0, instance:conceptTestNg.FbTestDataProviderClass@55634720]" started-at="2023-10-28T18:14:33 IST" name="testData" data-provider="FbData" finished-at="2023-10-28T18:14:42 IST" duration-ms="8804" status="PASS">
          <params>
            <param index="0">
              <value>
                <![CDATA[pqr]]>
              </value>
            </param>
            <param index="1">
              <value>
                <![CDATA[pqr123]]>
              </value>
            </param>
          </params>
          <reporter-output>
          </reporter-output>
        </test-method> <!-- testData -->
        <test-method signature="testData(java.lang.String,java.lang.String)[pri:0, instance:conceptTestNg.FbTestDataProviderClass@55634720]" started-at="2023-10-28T18:14:42 IST" name="testData" data-provider="FbData" finished-at="2023-10-28T18:14:52 IST" duration-ms="9860" status="PASS">
          <params>
            <param index="0">
              <value>
                <![CDATA[stuv]]>
              </value>
            </param>
            <param index="1">
              <value>
                <![CDATA[stuv123]]>
              </value>
            </param>
          </params>
          <reporter-output>
          </reporter-output>
        </test-method> <!-- testData -->
        <test-method is-config="true" signature="aftertest()[pri:0, instance:conceptTestNg.FbTestDataProviderClass@55634720]" started-at="2023-10-28T18:14:52 IST" name="aftertest" finished-at="2023-10-28T18:14:52 IST" duration-ms="1" status="PASS">
          <reporter-output>
          </reporter-output>
        </test-method> <!-- aftertest -->
      </class> <!-- conceptTestNg.FbTestDataProviderClass -->
    </test> <!-- Default test -->
  </suite> <!-- Default suite -->
</testng-results>
